\BOOKMARK [1][-]{section*.1}{Acknowledgments}{}% 1
\BOOKMARK [1][-]{section*.2}{Resumo}{}% 2
\BOOKMARK [1][-]{section*.3}{Abstract}{}% 3
\BOOKMARK [1][-]{chapter*.5}{List of Tables}{}% 4
\BOOKMARK [1][-]{chapter*.6}{List of Figures}{}% 5
\BOOKMARK [1][-]{chapter*.6}{Nomenclature}{}% 6
\BOOKMARK [1][-]{chapter*.6}{Glossary}{}% 7
\BOOKMARK [0][-]{chapter.1}{1 Introduction}{}% 8
\BOOKMARK [0][-]{chapter.2}{2 Data Mining in HealthCare}{}% 9
\BOOKMARK [1][-]{section.2.1}{2.1 Medical Diagnosis versus Prognosis}{chapter.2}% 10
\BOOKMARK [1][-]{section.2.2}{2.2 Data Mining Techniques}{chapter.2}% 11
\BOOKMARK [2][-]{subsection.2.2.1}{2.2.1 Decision Tree}{section.2.2}% 12
\BOOKMARK [2][-]{subsection.2.2.2}{2.2.2 Artificial Neural Networks \046 Support Vector Machines}{section.2.2}% 13
\BOOKMARK [2][-]{subsection.2.2.3}{2.2.3 Bayesian Classifiers}{section.2.2}% 14
\BOOKMARK [2][-]{subsection.2.2.4}{2.2.4 Regression Analysis}{section.2.2}% 15
\BOOKMARK [2][-]{subsection.2.2.5}{2.2.5 Dynamic Bayesian Networks/HMM}{section.2.2}% 16
\BOOKMARK [0][-]{chapter.3}{3 Status of Affairs}{}% 17
\BOOKMARK [1][-]{section.3.1}{3.1 Alzheimer}{chapter.3}% 18
\BOOKMARK [1][-]{section.3.2}{3.2 Cancer}{chapter.3}% 19
\BOOKMARK [1][-]{section.3.3}{3.3 Diabetes}{chapter.3}% 20
\BOOKMARK [1][-]{section.3.4}{3.4 Venous Thromboembolism}{chapter.3}% 21
\BOOKMARK [1][-]{section.3.5}{3.5 HIV/AIDS}{chapter.3}% 22
\BOOKMARK [1][-]{section.3.6}{3.6 Kidney Failure}{chapter.3}% 23
\BOOKMARK [2][-]{subsection.3.6.1}{3.6.1 Organ Failure}{section.3.6}% 24
\BOOKMARK [1][-]{section.3.7}{3.7 Critical Analysis}{chapter.3}% 25
\BOOKMARK [2][-]{subsection.3.7.1}{3.7.1 Difficulties in using classification for prognosis}{section.3.7}% 26
\BOOKMARK [0][-]{chapter.4}{4 Approach}{}% 27
\BOOKMARK [1][-]{section.4.1}{4.1 example}{chapter.4}% 28
\BOOKMARK [0][-]{chapter.5}{5 Approach2}{}% 29
\BOOKMARK [1][-]{section.5.1}{5.1 Algorithm}{chapter.5}% 30
\BOOKMARK [0][-]{chapter.6}{6 Validation and Experimental Results}{}% 31
\BOOKMARK [1][-]{section.6.1}{6.1 Dataset Description}{chapter.6}% 32
\BOOKMARK [2][-]{subsection.6.1.1}{6.1.1 ALS Dataset}{section.6.1}% 33
\BOOKMARK [2][-]{subsection.6.1.2}{6.1.2 Hepatitis Dataset}{section.6.1}% 34
\BOOKMARK [2][-]{subsection.6.1.3}{6.1.3 SEER Dataset}{section.6.1}% 35
\BOOKMARK [1][-]{section.6.2}{6.2 Validation Techniques}{chapter.6}% 36
\BOOKMARK [1][-]{section.6.3}{6.3 Experimental Results}{chapter.6}% 37
\BOOKMARK [2][-]{subsection.6.3.1}{6.3.1 Diagnosis Model}{section.6.3}% 38
\BOOKMARK [2][-]{subsection.6.3.2}{6.3.2 Regression Techniques}{section.6.3}% 39
\BOOKMARK [2][-]{subsection.6.3.3}{6.3.3 Decision Tree}{section.6.3}% 40
\BOOKMARK [2][-]{subsection.6.3.4}{6.3.4 HMM}{section.6.3}% 41
\BOOKMARK [2][-]{subsection.6.3.5}{6.3.5 Discussion}{section.6.3}% 42
\BOOKMARK [0][-]{chapter.7}{7 Conclusions}{}% 43
\BOOKMARK [1][-]{section.7.1}{7.1 Achievements}{chapter.7}% 44
\BOOKMARK [1][-]{section.7.2}{7.2 Future Work}{chapter.7}% 45
\BOOKMARK [0][-]{chapter*.13}{Bibliography}{}% 46
