This is pdfTeX, Version 3.1415926-2.5-1.40.14 (MiKTeX 2.9 64-bit) (preloaded format=pdflatex 2014.6.16)  3 JUL 2014 23:38
entering extended mode
**C:/Users/Daniel/Dropbox/Bolsa/Dissertacao/Document/LaTeX/Thesis.tex
(C:/Users/Daniel/Dropbox/Bolsa/Dissertacao/Document/LaTeX/Thesis.tex
LaTeX2e <2011/06/27>
Babel <v3.8m> and hyphenation patterns for english, afrikaans, ancientgreek, ar
abic, armenian, assamese, basque, bengali, bokmal, bulgarian, catalan, coptic, 
croatian, czech, danish, dutch, esperanto, estonian, farsi, finnish, french, ga
lician, german, german-x-2013-05-26, greek, gujarati, hindi, hungarian, iceland
ic, indonesian, interlingua, irish, italian, kannada, kurmanji, latin, latvian,
 lithuanian, malayalam, marathi, mongolian, mongolianlmc, monogreek, ngerman, n
german-x-2013-05-26, nynorsk, oriya, panjabi, pinyin, polish, portuguese, roman
ian, russian, sanskrit, serbian, slovak, slovenian, spanish, swedish, swissgerm
an, tamil, telugu, turkish, turkmen, ukenglish, ukrainian, uppersorbian, usengl
ishmax, welsh, loaded.
("C:\Program Files\MiKTeX 2.9\tex\latex\base\report.cls"
Document Class: report 2007/10/19 v1.4h Standard LaTeX document class
("C:\Program Files\MiKTeX 2.9\tex\latex\base\size10.clo"
File: size10.clo 2007/10/19 v1.4h Standard LaTeX file (size option)
)
\c@part=\count79
\c@chapter=\count80
\c@section=\count81
\c@subsection=\count82
\c@subsubsection=\count83
\c@paragraph=\count84
\c@subparagraph=\count85
\c@figure=\count86
\c@table=\count87
\abovecaptionskip=\skip41
\belowcaptionskip=\skip42
\bibindent=\dimen102
)
("C:\Program Files\MiKTeX 2.9\tex\latex\algorithms\algorithm.sty"
Package: algorithm 2009/08/24 v0.1 Document Style `algorithm' - floating enviro
nment

("C:\Program Files\MiKTeX 2.9\tex\latex\float\float.sty"
Package: float 2001/11/08 v1.3d Float enhancements (AL)
\c@float@type=\count88
\float@exts=\toks14
\float@box=\box26
\@float@everytoks=\toks15
\@floatcapt=\box27
)
("C:\Program Files\MiKTeX 2.9\tex\latex\base\ifthen.sty"
Package: ifthen 2001/05/26 v1.1c Standard LaTeX ifthen package (DPC)
)
\@float@every@algorithm=\toks16
\c@algorithm=\count89
)
("C:\Program Files\MiKTeX 2.9\tex\latex\algorithmicx\algpseudocode.sty"
Package: algpseudocode 

("C:\Program Files\MiKTeX 2.9\tex\latex\algorithmicx\algorithmicx.sty"
Package: algorithmicx 2005/04/27 v1.2 Algorithmicx

Document Style algorithmicx 1.2 - a greatly improved `algorithmic' style
\c@ALG@line=\count90
\c@ALG@rem=\count91
\c@ALG@nested=\count92
\ALG@tlm=\skip43
\ALG@thistlm=\skip44
\c@ALG@Lnr=\count93
\c@ALG@blocknr=\count94
\c@ALG@storecount=\count95
\c@ALG@tmpcounter=\count96
\ALG@tmplength=\skip45
)
Document Style - pseudocode environments for use with the `algorithmicx' style
) (C:\Users\Daniel\Dropbox\Bolsa\Dissertacao\Document\LaTeX\Thesis_Preamble.tex
("C:\Program Files\MiKTeX 2.9\tex\latex\base\inputenc.sty"
Package: inputenc 2008/03/30 v1.1d Input encoding file
\inpenc@prehook=\toks17
\inpenc@posthook=\toks18

("C:\Program Files\MiKTeX 2.9\tex\latex\base\utf8.def"
File: utf8.def 2008/04/05 v1.1m UTF-8 support for inputenc
Now handling font encoding OML ...
... no UTF-8 mapping file for font encoding OML
Now handling font encoding T1 ...
... processing UTF-8 mapping file for font encoding T1

("C:\Program Files\MiKTeX 2.9\tex\latex\base\t1enc.dfu"
File: t1enc.dfu 2008/04/05 v1.1m UTF-8 support for inputenc
   defining Unicode char U+00A1 (decimal 161)
   defining Unicode char U+00A3 (decimal 163)
   defining Unicode char U+00AB (decimal 171)
   defining Unicode char U+00BB (decimal 187)
   defining Unicode char U+00BF (decimal 191)
   defining Unicode char U+00C0 (decimal 192)
   defining Unicode char U+00C1 (decimal 193)
   defining Unicode char U+00C2 (decimal 194)
   defining Unicode char U+00C3 (decimal 195)
   defining Unicode char U+00C4 (decimal 196)
   defining Unicode char U+00C5 (decimal 197)
   defining Unicode char U+00C6 (decimal 198)
   defining Unicode char U+00C7 (decimal 199)
   defining Unicode char U+00C8 (decimal 200)
   defining Unicode char U+00C9 (decimal 201)
   defining Unicode char U+00CA (decimal 202)
   defining Unicode char U+00CB (decimal 203)
   defining Unicode char U+00CC (decimal 204)
   defining Unicode char U+00CD (decimal 205)
   defining Unicode char U+00CE (decimal 206)
   defining Unicode char U+00CF (decimal 207)
   defining Unicode char U+00D0 (decimal 208)
   defining Unicode char U+00D1 (decimal 209)
   defining Unicode char U+00D2 (decimal 210)
   defining Unicode char U+00D3 (decimal 211)
   defining Unicode char U+00D4 (decimal 212)
   defining Unicode char U+00D5 (decimal 213)
   defining Unicode char U+00D6 (decimal 214)
   defining Unicode char U+00D8 (decimal 216)
   defining Unicode char U+00D9 (decimal 217)
   defining Unicode char U+00DA (decimal 218)
   defining Unicode char U+00DB (decimal 219)
   defining Unicode char U+00DC (decimal 220)
   defining Unicode char U+00DD (decimal 221)
   defining Unicode char U+00DE (decimal 222)
   defining Unicode char U+00DF (decimal 223)
   defining Unicode char U+00E0 (decimal 224)
   defining Unicode char U+00E1 (decimal 225)
   defining Unicode char U+00E2 (decimal 226)
   defining Unicode char U+00E3 (decimal 227)
   defining Unicode char U+00E4 (decimal 228)
   defining Unicode char U+00E5 (decimal 229)
   defining Unicode char U+00E6 (decimal 230)
   defining Unicode char U+00E7 (decimal 231)
   defining Unicode char U+00E8 (decimal 232)
   defining Unicode char U+00E9 (decimal 233)
   defining Unicode char U+00EA (decimal 234)
   defining Unicode char U+00EB (decimal 235)
   defining Unicode char U+00EC (decimal 236)
   defining Unicode char U+00ED (decimal 237)
   defining Unicode char U+00EE (decimal 238)
   defining Unicode char U+00EF (decimal 239)
   defining Unicode char U+00F0 (decimal 240)
   defining Unicode char U+00F1 (decimal 241)
   defining Unicode char U+00F2 (decimal 242)
   defining Unicode char U+00F3 (decimal 243)
   defining Unicode char U+00F4 (decimal 244)
   defining Unicode char U+00F5 (decimal 245)
   defining Unicode char U+00F6 (decimal 246)
   defining Unicode char U+00F8 (decimal 248)
   defining Unicode char U+00F9 (decimal 249)
   defining Unicode char U+00FA (decimal 250)
   defining Unicode char U+00FB (decimal 251)
   defining Unicode char U+00FC (decimal 252)
   defining Unicode char U+00FD (decimal 253)
   defining Unicode char U+00FE (decimal 254)
   defining Unicode char U+00FF (decimal 255)
   defining Unicode char U+0102 (decimal 258)
   defining Unicode char U+0103 (decimal 259)
   defining Unicode char U+0104 (decimal 260)
   defining Unicode char U+0105 (decimal 261)
   defining Unicode char U+0106 (decimal 262)
   defining Unicode char U+0107 (decimal 263)
   defining Unicode char U+010C (decimal 268)
   defining Unicode char U+010D (decimal 269)
   defining Unicode char U+010E (decimal 270)
   defining Unicode char U+010F (decimal 271)
   defining Unicode char U+0110 (decimal 272)
   defining Unicode char U+0111 (decimal 273)
   defining Unicode char U+0118 (decimal 280)
   defining Unicode char U+0119 (decimal 281)
   defining Unicode char U+011A (decimal 282)
   defining Unicode char U+011B (decimal 283)
   defining Unicode char U+011E (decimal 286)
   defining Unicode char U+011F (decimal 287)
   defining Unicode char U+0130 (decimal 304)
   defining Unicode char U+0131 (decimal 305)
   defining Unicode char U+0132 (decimal 306)
   defining Unicode char U+0133 (decimal 307)
   defining Unicode char U+0139 (decimal 313)
   defining Unicode char U+013A (decimal 314)
   defining Unicode char U+013D (decimal 317)
   defining Unicode char U+013E (decimal 318)
   defining Unicode char U+0141 (decimal 321)
   defining Unicode char U+0142 (decimal 322)
   defining Unicode char U+0143 (decimal 323)
   defining Unicode char U+0144 (decimal 324)
   defining Unicode char U+0147 (decimal 327)
   defining Unicode char U+0148 (decimal 328)
   defining Unicode char U+014A (decimal 330)
   defining Unicode char U+014B (decimal 331)
   defining Unicode char U+0150 (decimal 336)
   defining Unicode char U+0151 (decimal 337)
   defining Unicode char U+0152 (decimal 338)
   defining Unicode char U+0153 (decimal 339)
   defining Unicode char U+0154 (decimal 340)
   defining Unicode char U+0155 (decimal 341)
   defining Unicode char U+0158 (decimal 344)
   defining Unicode char U+0159 (decimal 345)
   defining Unicode char U+015A (decimal 346)
   defining Unicode char U+015B (decimal 347)
   defining Unicode char U+015E (decimal 350)
   defining Unicode char U+015F (decimal 351)
   defining Unicode char U+0160 (decimal 352)
   defining Unicode char U+0161 (decimal 353)
   defining Unicode char U+0162 (decimal 354)
   defining Unicode char U+0163 (decimal 355)
   defining Unicode char U+0164 (decimal 356)
   defining Unicode char U+0165 (decimal 357)
   defining Unicode char U+016E (decimal 366)
   defining Unicode char U+016F (decimal 367)
   defining Unicode char U+0170 (decimal 368)
   defining Unicode char U+0171 (decimal 369)
   defining Unicode char U+0178 (decimal 376)
   defining Unicode char U+0179 (decimal 377)
   defining Unicode char U+017A (decimal 378)
   defining Unicode char U+017B (decimal 379)
   defining Unicode char U+017C (decimal 380)
   defining Unicode char U+017D (decimal 381)
   defining Unicode char U+017E (decimal 382)
   defining Unicode char U+200C (decimal 8204)
   defining Unicode char U+2013 (decimal 8211)
   defining Unicode char U+2014 (decimal 8212)
   defining Unicode char U+2018 (decimal 8216)
   defining Unicode char U+2019 (decimal 8217)
   defining Unicode char U+201A (decimal 8218)
   defining Unicode char U+201C (decimal 8220)
   defining Unicode char U+201D (decimal 8221)
   defining Unicode char U+201E (decimal 8222)
   defining Unicode char U+2030 (decimal 8240)
   defining Unicode char U+2031 (decimal 8241)
   defining Unicode char U+2039 (decimal 8249)
   defining Unicode char U+203A (decimal 8250)
   defining Unicode char U+2423 (decimal 9251)
)
Now handling font encoding OT1 ...
... processing UTF-8 mapping file for font encoding OT1

("C:\Program Files\MiKTeX 2.9\tex\latex\base\ot1enc.dfu"
File: ot1enc.dfu 2008/04/05 v1.1m UTF-8 support for inputenc
   defining Unicode char U+00A1 (decimal 161)
   defining Unicode char U+00A3 (decimal 163)
   defining Unicode char U+00B8 (decimal 184)
   defining Unicode char U+00BF (decimal 191)
   defining Unicode char U+00C5 (decimal 197)
   defining Unicode char U+00C6 (decimal 198)
   defining Unicode char U+00D8 (decimal 216)
   defining Unicode char U+00DF (decimal 223)
   defining Unicode char U+00E6 (decimal 230)
   defining Unicode char U+00EC (decimal 236)
   defining Unicode char U+00ED (decimal 237)
   defining Unicode char U+00EE (decimal 238)
   defining Unicode char U+00EF (decimal 239)
   defining Unicode char U+00F8 (decimal 248)
   defining Unicode char U+0131 (decimal 305)
   defining Unicode char U+0141 (decimal 321)
   defining Unicode char U+0142 (decimal 322)
   defining Unicode char U+0152 (decimal 338)
   defining Unicode char U+0153 (decimal 339)
   defining Unicode char U+2013 (decimal 8211)
   defining Unicode char U+2014 (decimal 8212)
   defining Unicode char U+2018 (decimal 8216)
   defining Unicode char U+2019 (decimal 8217)
   defining Unicode char U+201C (decimal 8220)
   defining Unicode char U+201D (decimal 8221)
)
Now handling font encoding OMS ...
... processing UTF-8 mapping file for font encoding OMS

("C:\Program Files\MiKTeX 2.9\tex\latex\base\omsenc.dfu"
File: omsenc.dfu 2008/04/05 v1.1m UTF-8 support for inputenc
   defining Unicode char U+00A7 (decimal 167)
   defining Unicode char U+00B6 (decimal 182)
   defining Unicode char U+00B7 (decimal 183)
   defining Unicode char U+2020 (decimal 8224)
   defining Unicode char U+2021 (decimal 8225)
   defining Unicode char U+2022 (decimal 8226)
)
Now handling font encoding OMX ...
... no UTF-8 mapping file for font encoding OMX
Now handling font encoding U ...
... no UTF-8 mapping file for font encoding U
   defining Unicode char U+00A9 (decimal 169)
   defining Unicode char U+00AA (decimal 170)
   defining Unicode char U+00AE (decimal 174)
   defining Unicode char U+00BA (decimal 186)
   defining Unicode char U+02C6 (decimal 710)
   defining Unicode char U+02DC (decimal 732)
   defining Unicode char U+200C (decimal 8204)
   defining Unicode char U+2026 (decimal 8230)
   defining Unicode char U+2122 (decimal 8482)
   defining Unicode char U+2423 (decimal 9251)
))
("C:\Program Files\MiKTeX 2.9\tex\generic\babel\babel.sty"
Package: babel 2008/07/08 v3.8m The Babel package

*************************************
* Local config file bblopts.cfg used
*
("C:\Program Files\MiKTeX 2.9\tex\latex\00miktex\bblopts.cfg"
File: bblopts.cfg 2006/07/31 v1.0 MiKTeX 'babel' configuration
)
("C:\Program Files\MiKTeX 2.9\tex\generic\babel\english.ldf"
Language: english 2005/03/30 v3.3o English support from the babel system

("C:\Program Files\MiKTeX 2.9\tex\generic\babel\babel.def"
File: babel.def 2008/07/08 v3.8m Babel common definitions
\babel@savecnt=\count97
\U@D=\dimen103
)
\l@canadian = a dialect from \language\l@american 
\l@australian = a dialect from \language\l@british 
\l@newzealand = a dialect from \language\l@british 
))
("C:\Program Files\MiKTeX 2.9\tex\latex\geometry\geometry.sty"
Package: geometry 2010/09/12 v5.6 Page Geometry

("C:\Program Files\MiKTeX 2.9\tex\latex\graphics\keyval.sty"
Package: keyval 1999/03/16 v1.13 key=value parser (DPC)
\KV@toks@=\toks19
)
("C:\Program Files\MiKTeX 2.9\tex\generic\oberdiek\ifpdf.sty"
Package: ifpdf 2011/01/30 v2.3 Provides the ifpdf switch (HO)
Package ifpdf Info: pdfTeX in PDF mode is detected.
)
("C:\Program Files\MiKTeX 2.9\tex\generic\oberdiek\ifvtex.sty"
Package: ifvtex 2010/03/01 v1.5 Detect VTeX and its facilities (HO)
Package ifvtex Info: VTeX not detected.
)
("C:\Program Files\MiKTeX 2.9\tex\generic\ifxetex\ifxetex.sty"
Package: ifxetex 2010/09/12 v0.6 Provides ifxetex conditional
)
\Gm@cnth=\count98
\Gm@cntv=\count99
\c@Gm@tempcnt=\count100
\Gm@bindingoffset=\dimen104
\Gm@wd@mp=\dimen105
\Gm@odd@mp=\dimen106
\Gm@even@mp=\dimen107
\Gm@layoutwidth=\dimen108
\Gm@layoutheight=\dimen109
\Gm@layouthoffset=\dimen110
\Gm@layoutvoffset=\dimen111
\Gm@dimlist=\toks20

("C:\Program Files\MiKTeX 2.9\tex\latex\geometry\geometry.cfg"))
("C:\Program Files\MiKTeX 2.9\tex\latex\setspace\setspace.sty"
Package: setspace 2011/12/19 v6.7a set line spacing
)
("C:\Program Files\MiKTeX 2.9\tex\latex\graphics\graphicx.sty"
Package: graphicx 1999/02/16 v1.0f Enhanced LaTeX Graphics (DPC,SPQR)

("C:\Program Files\MiKTeX 2.9\tex\latex\graphics\graphics.sty"
Package: graphics 2009/02/05 v1.0o Standard LaTeX Graphics (DPC,SPQR)

("C:\Program Files\MiKTeX 2.9\tex\latex\graphics\trig.sty"
Package: trig 1999/03/16 v1.09 sin cos tan (DPC)
)
("C:\Program Files\MiKTeX 2.9\tex\latex\00miktex\graphics.cfg"
File: graphics.cfg 2007/01/18 v1.5 graphics configuration of teTeX/TeXLive
)
Package graphics Info: Driver file: pdftex.def on input line 91.

("C:\Program Files\MiKTeX 2.9\tex\latex\pdftex-def\pdftex.def"
File: pdftex.def 2011/05/27 v0.06d Graphics/color for pdfTeX

("C:\Program Files\MiKTeX 2.9\tex\generic\oberdiek\infwarerr.sty"
Package: infwarerr 2010/04/08 v1.3 Providing info/warning/error messages (HO)
)
("C:\Program Files\MiKTeX 2.9\tex\generic\oberdiek\ltxcmds.sty"
Package: ltxcmds 2011/11/09 v1.22 LaTeX kernel commands for general use (HO)
)
\Gread@gobject=\count101
))
\Gin@req@height=\dimen112
\Gin@req@width=\dimen113
)
("C:\Program Files\MiKTeX 2.9\tex\latex\amsmath\amsmath.sty"
Package: amsmath 2013/01/14 v2.14 AMS math features
\@mathmargin=\skip46

For additional information on amsmath, use the `?' option.
("C:\Program Files\MiKTeX 2.9\tex\latex\amsmath\amstext.sty"
Package: amstext 2000/06/29 v2.01

("C:\Program Files\MiKTeX 2.9\tex\latex\amsmath\amsgen.sty"
File: amsgen.sty 1999/11/30 v2.0
\@emptytoks=\toks21
\ex@=\dimen114
))
("C:\Program Files\MiKTeX 2.9\tex\latex\amsmath\amsbsy.sty"
Package: amsbsy 1999/11/29 v1.2d
\pmbraise@=\dimen115
)
("C:\Program Files\MiKTeX 2.9\tex\latex\amsmath\amsopn.sty"
Package: amsopn 1999/12/14 v2.01 operator names
)
\inf@bad=\count102
LaTeX Info: Redefining \frac on input line 210.
\uproot@=\count103
\leftroot@=\count104
LaTeX Info: Redefining \overline on input line 306.
\classnum@=\count105
\DOTSCASE@=\count106
LaTeX Info: Redefining \ldots on input line 378.
LaTeX Info: Redefining \dots on input line 381.
LaTeX Info: Redefining \cdots on input line 466.
\Mathstrutbox@=\box28
\strutbox@=\box29
\big@size=\dimen116
LaTeX Font Info:    Redeclaring font encoding OML on input line 566.
LaTeX Font Info:    Redeclaring font encoding OMS on input line 567.
\macc@depth=\count107
\c@MaxMatrixCols=\count108
\dotsspace@=\muskip10
\c@parentequation=\count109
\dspbrk@lvl=\count110
\tag@help=\toks22
\row@=\count111
\column@=\count112
\maxfields@=\count113
\andhelp@=\toks23
\eqnshift@=\dimen117
\alignsep@=\dimen118
\tagshift@=\dimen119
\tagwidth@=\dimen120
\totwidth@=\dimen121
\lineht@=\dimen122
\@envbody=\toks24
\multlinegap=\skip47
\multlinetaggap=\skip48
\mathdisplay@stack=\toks25
LaTeX Info: Redefining \[ on input line 2665.
LaTeX Info: Redefining \] on input line 2666.
)
("C:\Program Files\MiKTeX 2.9\tex\latex\amscls\amsthm.sty"
Package: amsthm 2004/08/06 v2.20
\thm@style=\toks26
\thm@bodyfont=\toks27
\thm@headfont=\toks28
\thm@notefont=\toks29
\thm@headpunct=\toks30
\thm@preskip=\skip49
\thm@postskip=\skip50
\thm@headsep=\skip51
\dth@everypar=\toks31
)
("C:\Program Files\MiKTeX 2.9\tex\latex\amsfonts\amsfonts.sty"
Package: amsfonts 2013/01/14 v3.01 Basic AMSFonts support
\symAMSa=\mathgroup4
\symAMSb=\mathgroup5
LaTeX Font Info:    Overwriting math alphabet `\mathfrak' in version `bold'
(Font)                  U/euf/m/n --> U/euf/b/n on input line 106.
)
("C:\Program Files\MiKTeX 2.9\tex\latex\subfigure\subfigure.sty"
Package: subfigure 2002/07/30 v2.1.4 subfigure package
\subfigtopskip=\skip52
\subfigcapskip=\skip53
\subfigcaptopadj=\dimen123
\subfigbottomskip=\skip54
\subfigcapmargin=\dimen124
\subfiglabelskip=\skip55
\c@subfigure=\count114
\c@lofdepth=\count115
\c@subtable=\count116
\c@lotdepth=\count117

****************************************
* Local config file subfigure.cfg used *
****************************************
("C:\Program Files\MiKTeX 2.9\tex\latex\subfigure\subfigure.cfg")
\subfig@top=\skip56
\subfig@bottom=\skip57
)
("C:\Program Files\MiKTeX 2.9\tex\latex\subfigmat\subfigmat.sty"
Package: subfigmat 1999/02/27 v1.0 Subfigure Matrix Package
\sfm@width=\skip58
\sfmcolsep=\skip59
\c@sfm@count=\count118
)
("C:\Program Files\MiKTeX 2.9\tex\latex\tools\dcolumn.sty"
Package: dcolumn 2001/05/28 v1.06 decimal alignment package (DPC)

("C:\Program Files\MiKTeX 2.9\tex\latex\tools\array.sty"
Package: array 2008/09/09 v2.4c Tabular extension package (FMi)
\col@sep=\dimen125
\extrarowheight=\dimen126
\NC@list=\toks32
\extratabsurround=\skip60
\backup@length=\skip61
))
("C:\Program Files\MiKTeX 2.9\tex\latex\nomencl\nomencl.sty"
Package: nomencl 2005/09/22 v4.2 Nomenclature package (LN)
\nomlabelwidth=\dimen127
\nom@tempdim=\dimen128
\nomitemsep=\skip62
)
\@nomenclaturefile=\write3

Writing nomenclature file Thesis.nlo
(C:\Users\Daniel\Dropbox\Bolsa\Dissertacao\Document\LaTeX\glossary.sty
Package: glossary 2006/07/20 2.4 (NLCT)
\gls@cols=\count119

No configuration file glossary.cfg found
("C:\Program Files\MiKTeX 2.9\tex\latex\tools\longtable.sty"
Package: longtable 2004/02/01 v4.11 Multi-page Table package (DPC)
\LTleft=\skip63
\LTright=\skip64
\LTpre=\skip65
\LTpost=\skip66
\LTchunksize=\count120
\LTcapwidth=\dimen129
\LT@head=\box30
\LT@firsthead=\box31
\LT@foot=\box32
\LT@lastfoot=\box33
\LT@cols=\count121
\LT@rows=\count122
\c@LT@tables=\count123
\c@LT@chunks=\count124
\LT@p@ftn=\toks33
)
\descriptionwidth=\skip67
\istfile=\write4
)
\@glossaryfile=\write5

Writing glossary file Thesis.glo 
("C:\Program Files\MiKTeX 2.9\tex\latex\rotating\rotating.sty"
Package: rotating 2009/03/28 v2.16a rotated objects in LaTeX
\c@r@tfl@t=\count125
\rotFPtop=\skip68
\rotFPbot=\skip69
\rot@float@box=\box34
\rot@mess@toks=\toks34
)
("C:\Program Files\MiKTeX 2.9\tex\latex\hyperref\hyperref.sty"
Package: hyperref 2012/11/06 v6.83m Hypertext links for LaTeX

("C:\Program Files\MiKTeX 2.9\tex\generic\oberdiek\hobsub-hyperref.sty"
Package: hobsub-hyperref 2012/04/25 v1.12 Bundle oberdiek, subset hyperref (HO)


("C:\Program Files\MiKTeX 2.9\tex\generic\oberdiek\hobsub-generic.sty"
Package: hobsub-generic 2012/04/25 v1.12 Bundle oberdiek, subset generic (HO)
Package: hobsub 2012/04/25 v1.12 Construct package bundles (HO)
Package hobsub Info: Skipping package `infwarerr' (already loaded).
Package hobsub Info: Skipping package `ltxcmds' (already loaded).
Package: ifluatex 2010/03/01 v1.3 Provides the ifluatex switch (HO)
Package ifluatex Info: LuaTeX not detected.
Package hobsub Info: Skipping package `ifvtex' (already loaded).
Package: intcalc 2007/09/27 v1.1 Expandable calculations with integers (HO)
Package hobsub Info: Skipping package `ifpdf' (already loaded).
Package: etexcmds 2011/02/16 v1.5 Avoid name clashes with e-TeX commands (HO)
Package etexcmds Info: Could not find \expanded.
(etexcmds)             That can mean that you are not using pdfTeX 1.50 or
(etexcmds)             that some package has redefined \expanded.
(etexcmds)             In the latter case, load this package earlier.
Package: kvsetkeys 2012/04/25 v1.16 Key value parser (HO)
Package: kvdefinekeys 2011/04/07 v1.3 Define keys (HO)
Package: pdftexcmds 2011/11/29 v0.20 Utility functions of pdfTeX for LuaTeX (HO
)
Package pdftexcmds Info: LuaTeX not detected.
Package pdftexcmds Info: \pdf@primitive is available.
Package pdftexcmds Info: \pdf@ifprimitive is available.
Package pdftexcmds Info: \pdfdraftmode found.
Package: pdfescape 2011/11/25 v1.13 Implements pdfTeX's escape features (HO)
Package: bigintcalc 2012/04/08 v1.3 Expandable calculations on big integers (HO
)
Package: bitset 2011/01/30 v1.1 Handle bit-vector datatype (HO)
Package: uniquecounter 2011/01/30 v1.2 Provide unlimited unique counter (HO)
)
Package hobsub Info: Skipping package `hobsub' (already loaded).
Package: letltxmacro 2010/09/02 v1.4 Let assignment for LaTeX macros (HO)
Package: hopatch 2011/06/24 v1.1 Wrapper for package hooks (HO)
Package: xcolor-patch 2011/01/30 xcolor patch
Package: atveryend 2011/06/30 v1.8 Hooks at the very end of document (HO)
Package atveryend Info: \enddocument detected (standard20110627).
Package: atbegshi 2011/10/05 v1.16 At begin shipout hook (HO)
Package: refcount 2011/10/16 v3.4 Data extraction from label references (HO)
Package: hycolor 2011/01/30 v1.7 Color options for hyperref/bookmark (HO)
)
("C:\Program Files\MiKTeX 2.9\tex\latex\oberdiek\auxhook.sty"
Package: auxhook 2011/03/04 v1.3 Hooks for auxiliary files (HO)
)
("C:\Program Files\MiKTeX 2.9\tex\latex\oberdiek\kvoptions.sty"
Package: kvoptions 2011/06/30 v3.11 Key value format for package options (HO)
)
\@linkdim=\dimen130
\Hy@linkcounter=\count126
\Hy@pagecounter=\count127

("C:\Program Files\MiKTeX 2.9\tex\latex\hyperref\pd1enc.def"
File: pd1enc.def 2012/11/06 v6.83m Hyperref: PDFDocEncoding definition (HO)
Now handling font encoding PD1 ...
... no UTF-8 mapping file for font encoding PD1
)
\Hy@SavedSpaceFactor=\count128

("C:\Program Files\MiKTeX 2.9\tex\latex\00miktex\hyperref.cfg"
File: hyperref.cfg 2002/06/06 v1.2 hyperref configuration of TeXLive
)
Package hyperref Info: Hyper figures OFF on input line 4443.
Package hyperref Info: Link nesting OFF on input line 4448.
Package hyperref Info: Hyper index ON on input line 4451.
Package hyperref Info: Plain pages OFF on input line 4458.
Package hyperref Info: Backreferencing OFF on input line 4463.
Package hyperref Info: Implicit mode ON; LaTeX internals redefined.
Package hyperref Info: Bookmarks ON on input line 4688.
\c@Hy@tempcnt=\count129

("C:\Program Files\MiKTeX 2.9\tex\latex\url\url.sty"
\Urlmuskip=\muskip11
Package: url 2013/09/16  ver 3.4  Verb mode for urls, etc.
)
LaTeX Info: Redefining \url on input line 5041.
\XeTeXLinkMargin=\dimen131
\Fld@menulength=\count130
\Field@Width=\dimen132
\Fld@charsize=\dimen133
Package hyperref Info: Hyper figures OFF on input line 6295.
Package hyperref Info: Link nesting OFF on input line 6300.
Package hyperref Info: Hyper index ON on input line 6303.
Package hyperref Info: backreferencing OFF on input line 6310.
Package hyperref Info: Link coloring OFF on input line 6315.
Package hyperref Info: Link coloring with OCG OFF on input line 6320.
Package hyperref Info: PDF/A mode OFF on input line 6325.
LaTeX Info: Redefining \ref on input line 6365.
LaTeX Info: Redefining \pageref on input line 6369.
\Hy@abspage=\count131
\c@Item=\count132
\c@Hfootnote=\count133
)

Package hyperref Message: Driver: hpdftex.

("C:\Program Files\MiKTeX 2.9\tex\latex\hyperref\hpdftex.def"
File: hpdftex.def 2012/11/06 v6.83m Hyperref driver for pdfTeX
\Fld@listcount=\count134
\c@bookmark@seq@number=\count135

("C:\Program Files\MiKTeX 2.9\tex\latex\oberdiek\rerunfilecheck.sty"
Package: rerunfilecheck 2011/04/15 v1.7 Rerun checks for auxiliary files (HO)
Package uniquecounter Info: New unique counter `rerunfilecheck' on input line 2
82.
)
\Hy@SectionHShift=\skip70
)
Package hyperref Info: Option `colorlinks' set `true' on input line 365.


Package hyperref Warning: Option `pagecolor' is not available anymore.


Package hyperref Warning: Option `bookmarks' has already been used,
(hyperref)                setting the option has no effect on input line 365.

Package hyperref Info: Option `bookmarksopen' set `false' on input line 365.
Package hyperref Info: Option `bookmarksnumbered' set `true' on input line 365.

Package hyperref Info: Option `pdfdisplaydoctitle' set `true' on input line 365
.
("C:\Program Files\MiKTeX 2.9\tex\latex\oberdiek\hypcap.sty"
Package: hypcap 2011/02/16 v1.11 Adjusting the anchors of captions (HO)
)
("C:\Program Files\MiKTeX 2.9\tex\latex\natbib\natbib.sty"
Package: natbib 2010/09/13 8.31b (PWD, AO)
\bibhang=\skip71
\bibsep=\skip72
LaTeX Info: Redefining \cite on input line 694.
\c@NAT@ctr=\count136
))
(C:\Users\Daniel\Dropbox\Bolsa\Dissertacao\Document\LaTeX\Thesis.aux

LaTeX Warning: Label `subsection:regression' multiply defined.


LaTeX Warning: Label `subsection:dt' multiply defined.

)
LaTeX Font Info:    Checking defaults for OML/cmm/m/it on input line 73.
LaTeX Font Info:    ... okay on input line 73.
LaTeX Font Info:    Checking defaults for T1/cmr/m/n on input line 73.
LaTeX Font Info:    ... okay on input line 73.
LaTeX Font Info:    Checking defaults for OT1/cmr/m/n on input line 73.
LaTeX Font Info:    ... okay on input line 73.
LaTeX Font Info:    Checking defaults for OMS/cmsy/m/n on input line 73.
LaTeX Font Info:    ... okay on input line 73.
LaTeX Font Info:    Checking defaults for OMX/cmex/m/n on input line 73.
LaTeX Font Info:    ... okay on input line 73.
LaTeX Font Info:    Checking defaults for U/cmr/m/n on input line 73.
LaTeX Font Info:    ... okay on input line 73.
LaTeX Font Info:    Checking defaults for PD1/pdf/m/n on input line 73.
LaTeX Font Info:    ... okay on input line 73.
LaTeX Font Info:    Try loading font information for OT1+phv on input line 73.
 ("C:\Program Files\MiKTeX 2.9\tex\latex\psnfss\ot1phv.fd"
File: ot1phv.fd 2001/06/04 scalable font definitions for OT1/phv.
)
*geometry* driver: auto-detecting
*geometry* detected driver: pdftex

Package geometry Warning: The marginal notes overrun the paper.
     Add 50.86812pt and more to the right margin.

*geometry* verbose mode - [ preamble ] result:
* driver: pdftex
* paper: a4paper
* layout: <same size as paper>
* layoutoffset:(h,v)=(0.0pt,0.0pt)
* modes: twoside 
* h-part:(L,W,R)=(71.13188pt, 455.24411pt, 71.13188pt)
* v-part:(T,H,B)=(71.13188pt, 702.78308pt, 71.13188pt)
* \paperwidth=597.50787pt
* \paperheight=845.04684pt
* \textwidth=455.24411pt
* \textheight=702.78308pt
* \oddsidemargin=-1.1381pt
* \evensidemargin=-1.1381pt
* \topmargin=-38.1381pt
* \headheight=12.0pt
* \headsep=25.0pt
* \topskip=10.0pt
* \footskip=30.0pt
* \marginparwidth=111.0pt
* \marginparsep=11.0pt
* \columnsep=10.0pt
* \skip\footins=9.0pt plus 4.0pt minus 2.0pt
* \hoffset=0.0pt
* \voffset=0.0pt
* \mag=1000
* \@twocolumnfalse
* \@twosidetrue
* \@mparswitchtrue
* \@reversemarginfalse
* (1in=72.27pt=25.4mm, 1cm=28.453pt)

("C:\Program Files\MiKTeX 2.9\tex\context\base\supp-pdf.mkii"
[Loading MPS to PDF converter (version 2006.09.02).]
\scratchcounter=\count137
\scratchdimen=\dimen134
\scratchbox=\box35
\nofMPsegments=\count138
\nofMParguments=\count139
\everyMPshowfont=\toks35
\MPscratchCnt=\count140
\MPscratchDim=\dimen135
\MPnumerator=\count141
\makeMPintoPDFobject=\count142
\everyMPtoPDFconversion=\toks36
)
\AtBeginShipoutBox=\box36
 ("C:\Program Files\MiKTeX 2.9\tex\latex\graphics\color.sty"
Package: color 2005/11/14 v1.0j Standard LaTeX Color (DPC)

("C:\Program Files\MiKTeX 2.9\tex\latex\00miktex\color.cfg"
File: color.cfg 2007/01/18 v1.5 color configuration of teTeX/TeXLive
)
Package color Info: Driver file: pdftex.def on input line 130.
)
Package hyperref Info: Link coloring ON on input line 73.

("C:\Program Files\MiKTeX 2.9\tex\latex\hyperref\nameref.sty"
Package: nameref 2012/10/27 v2.43 Cross-referencing by name of section

("C:\Program Files\MiKTeX 2.9\tex\generic\oberdiek\gettitlestring.sty"
Package: gettitlestring 2010/12/03 v1.4 Cleanup title references (HO)
)
\c@section@level=\count143
)
LaTeX Info: Redefining \ref on input line 73.
LaTeX Info: Redefining \pageref on input line 73.
LaTeX Info: Redefining \nameref on input line 73.

(C:\Users\Daniel\Dropbox\Bolsa\Dissertacao\Document\LaTeX\Thesis.out)
(C:\Users\Daniel\Dropbox\Bolsa\Dissertacao\Document\LaTeX\Thesis.out)
\@outlinefile=\write6

(C:\Users\Daniel\Dropbox\Bolsa\Dissertacao\Document\LaTeX\Thesis_FrontCover.tex

Package pdftex.def Warning: Option `bb' does not make sense,
(pdftex.def)                using `viewport' instead on input line 15.

<IST_A_CMYK_POS.pdf, id=177, 845.0471pt x 597.51233pt>
File: IST_A_CMYK_POS.pdf Graphic file (type pdf)

<use IST_A_CMYK_POS.pdf>
Package pdftex.def Info: IST_A_CMYK_POS.pdf used on input line 15.
(pdftex.def)             Requested size: -78.38533pt x -90.76195pt.
LaTeX Font Info:    Try loading font information for T1+phv on input line 26.
 ("C:\Program Files\MiKTeX 2.9\tex\latex\psnfss\t1phv.fd"
File: t1phv.fd 2001/06/04 scalable font definitions for T1/phv.
)
LaTeX Font Info:    Try loading font information for U+msa on input line 42.
 ("C:\Program Files\MiKTeX 2.9\tex\latex\amsfonts\umsa.fd"
File: umsa.fd 2013/01/14 v3.01 AMS symbols A
)
LaTeX Font Info:    Try loading font information for U+msb on input line 42.

("C:\Program Files\MiKTeX 2.9\tex\latex\amsfonts\umsb.fd"
File: umsb.fd 2013/01/14 v3.01 AMS symbols B
) [1

{C:/ProgramData/MiKTeX/2.9/pdftex/config/pdftex.map} <C:/Users/Daniel/Dropbox/B
olsa/Dissertacao/Document/LaTeX/IST_A_CMYK_POS.pdf>] [2

])
(C:\Users\Daniel\Dropbox\Bolsa\Dissertacao\Document\LaTeX\Thesis_Dedication.tex
[3] [4

])
(C:\Users\Daniel\Dropbox\Bolsa\Dissertacao\Document\LaTeX\Thesis_Acknowledgemen
ts.tex
LaTeX Font Info:    Font shape `OT1/phv/bx/n' in size <14.4> not available
(Font)              Font shape `OT1/phv/b/n' tried instead on input line 11.
 [5] [6

])
(C:\Users\Daniel\Dropbox\Bolsa\Dissertacao\Document\LaTeX\Thesis_Resumo.tex
LaTeX Font Info:    Font shape `OT1/phv/bx/n' in size <10> not available
(Font)              Font shape `OT1/phv/b/n' tried instead on input line 20.

[7] [8

])
(C:\Users\Daniel\Dropbox\Bolsa\Dissertacao\Document\LaTeX\Thesis_Abstract.tex
[9] [10

])
LaTeX Font Info:    Font shape `OT1/phv/bx/n' in size <24.88> not available
(Font)              Font shape `OT1/phv/b/n' tried instead on input line 108.
 (C:\Users\Daniel\Dropbox\Bolsa\Dissertacao\Document\LaTeX\Thesis.toc
[11

])
\tf@toc=\write7
 [12] (C:\Users\Daniel\Dropbox\Bolsa\Dissertacao\Document\LaTeX\Thesis.lot)
\tf@lot=\write8
 [13


] [14

]
(C:\Users\Daniel\Dropbox\Bolsa\Dissertacao\Document\LaTeX\Thesis.lof)
\tf@lof=\write9
 [15

]
[16

]
(C:\Users\Daniel\Dropbox\Bolsa\Dissertacao\Document\LaTeX\Thesis_Nomenclature.t
ex)
No file Thesis.nls.
(C:\Users\Daniel\Dropbox\Bolsa\Dissertacao\Document\LaTeX\Thesis_Glossary.tex)
No file Thesis.gls.

(C:\Users\Daniel\Dropbox\Bolsa\Dissertacao\Document\LaTeX\Thesis_Introduction.t
ex
Chapter 1.
LaTeX Font Info:    Font shape `OT1/phv/bx/n' in size <20.74> not available
(Font)              Font shape `OT1/phv/b/n' tried instead on input line 13.
[1



] [2])
(C:\Users\Daniel\Dropbox\Bolsa\Dissertacao\Document\LaTeX\Thesis_DM_HealthCare.
tex
Chapter 2.
[3


]
LaTeX Font Info:    Font shape `OT1/phv/bx/n' in size <12> not available
(Font)              Font shape `OT1/phv/b/n' tried instead on input line 39.
 <Figures/dt.png, id=387, 481.8pt x 230.36063pt>
File: Figures/dt.png Graphic file (type png)
 <use Figures/dt.png>
Package pdftex.def Info: Figures/dt.png used on input line 51.
(pdftex.def)             Requested size: 455.24411pt x 217.67084pt.

[4 <C:/Users/Daniel/Dropbox/Bolsa/Dissertacao/Document/LaTeX/Figures/dt.png>]
<Figures/nn.png, id=403, 376.40625pt x 232.61906pt>
File: Figures/nn.png Graphic file (type png)
 <use Figures/nn.png>
Package pdftex.def Info: Figures/nn.png used on input line 78.
(pdftex.def)             Requested size: 455.24411pt x 281.36343pt.

[5 <C:/Users/Daniel/Dropbox/Bolsa/Dissertacao/Document/LaTeX/Figures/nn.png>]
<Figures/svm.png, id=409, 72.27pt x 71.3064pt>
File: Figures/svm.png Graphic file (type png)
 <use Figures/svm.png>
Package pdftex.def Info: Figures/svm.png used on input line 91.
(pdftex.def)             Requested size: 341.43307pt x 336.97226pt.
 [6 <C:/Users/Daniel/Dropbox/Bolsa/Dissertacao/Document/LaTeX/Figures/svm.png>]


LaTeX Warning: Command \textellipsis invalid in math mode on input line 123.


LaTeX Warning: Command \textellipsis invalid in math mode on input line 124.

[7] [8])
(C:\Users\Daniel\Dropbox\Bolsa\Dissertacao\Document\LaTeX\Thesis_Related_Work.t
ex
Chapter 3.
LaTeX Font Info:    Try loading font information for OMS+phv on input line 16.
("C:\Program Files\MiKTeX 2.9\tex\latex\psnfss\omsphv.fd"
File: omsphv.fd 
)
LaTeX Font Info:    Font shape `OMS/phv/m/n' in size <10> not available
(Font)              Font shape `OMS/cmsy/m/n' tried instead on input line 16.
LaTeX Font Info:    Font shape `OT1/phv/m/it' in size <10> not available
(Font)              Font shape `OT1/phv/m/sl' tried instead on input line 19.

Underfull \vbox (badness 4072) has occurred while \output is active []

 [9


]
[10] <Figures/LRvsNN.png, id=456, 286.82156pt x 228.10219pt>
File: Figures/LRvsNN.png Graphic file (type png)

<use Figures/LRvsNN.png>
Package pdftex.def Info: Figures/LRvsNN.png used on input line 85.
(pdftex.def)             Requested size: 341.43307pt x 271.53893pt.
 [11 <C:/Users/Daniel/Dropbox/Bolsa/Dissertacao/Document/LaTeX/Figures/LRvsNN.p
ng>] [12] [13]

Package natbib Warning: Citation `Lindstrom2003' on page 14 undefined on input 
line 191.

[14] [15] [16] [17]
Underfull \vbox (badness 3078) has occurred while \output is active []

 [18]
[19] [20

])
(C:\Users\Daniel\Dropbox\Bolsa\Dissertacao\Document\LaTeX\Thesis_Approach.tex
Chapter 4.
[21

] [22]
Package hyperref Info: bookmark level for unknown algorithm defaults to 0 on in
put line 106.
 [23]
Overfull \hbox (87.9124pt too wide) in paragraph at lines 198--202
 [] 
 []

[24] [25] [26

])
(C:\Users\Daniel\Dropbox\Bolsa\Dissertacao\Document\LaTeX\Thesis_Validation_Res
ults.tex
Chapter 5.
[27

]
Underfull \vbox (badness 1533) has occurred while \output is active []

 [28]
<Figures/base_single_als_tree.png, id=644, 481.8pt x 289.08pt>
File: Figures/base_single_als_tree.png Graphic file (type png)

<use Figures/base_single_als_tree.png>
Package pdftex.def Info: Figures/base_single_als_tree.png used on input line 12
0.
(pdftex.def)             Requested size: 223.07211pt x 133.84296pt.

<Figures/base_single_h_tree.png, id=645, 481.8pt x 289.08pt>
File: Figures/base_single_h_tree.png Graphic file (type png)

<use Figures/base_single_h_tree.png>
Package pdftex.def Info: Figures/base_single_h_tree.png used on input line 121.

(pdftex.def)             Requested size: 223.07211pt x 133.84296pt.

<Figures/base_multi_als_tree.png, id=646, 481.8pt x 289.08pt>
File: Figures/base_multi_als_tree.png Graphic file (type png)

<use Figures/base_multi_als_tree.png>
Package pdftex.def Info: Figures/base_multi_als_tree.png used on input line 129
.
(pdftex.def)             Requested size: 223.07211pt x 133.84296pt.

<Figures/base_multi_h_tree.png, id=647, 481.8pt x 289.08pt>
File: Figures/base_multi_h_tree.png Graphic file (type png)

<use Figures/base_multi_h_tree.png>
Package pdftex.def Info: Figures/base_multi_h_tree.png used on input line 130.
(pdftex.def)             Requested size: 223.07211pt x 133.84296pt.


LaTeX Warning: `h' float specifier changed to `ht'.

[29 <C:/Users/Daniel/Dropbox/Bolsa/Dissertacao/Document/LaTeX/Figures/base_sing
le_als_tree.png (PNG copy)> <C:/Users/Daniel/Dropbox/Bolsa/Dissertacao/Document
/LaTeX/Figures/base_single_h_tree.png (PNG copy)>]
<Figures/estimation_single_als_reg.png, id=657, 481.8pt x 289.08pt>
File: Figures/estimation_single_als_reg.png Graphic file (type png)

<use Figures/estimation_single_als_reg.png>
Package pdftex.def Info: Figures/estimation_single_als_reg.png used on input li
ne 154.
(pdftex.def)             Requested size: 223.07211pt x 133.84296pt.

<Figures/estimation_multi_als_reg.png, id=658, 481.8pt x 289.08pt>
File: Figures/estimation_multi_als_reg.png Graphic file (type png)

<use Figures/estimation_multi_als_reg.png>
Package pdftex.def Info: Figures/estimation_multi_als_reg.png used on input lin
e 155.
(pdftex.def)             Requested size: 223.07211pt x 133.84296pt.

<Figures/estimation_single_h_log.png, id=660, 482.80376pt x 290.08376pt>
File: Figures/estimation_single_h_log.png Graphic file (type png)

<use Figures/estimation_single_h_log.png>
Package pdftex.def Info: Figures/estimation_single_h_log.png used on input line
 167.
(pdftex.def)             Requested size: 223.07211pt x 134.02884pt.

<Figures/estimation_multi_h_log.png, id=661, 482.80376pt x 290.08376pt>
File: Figures/estimation_multi_h_log.png Graphic file (type png)

<use Figures/estimation_multi_h_log.png>
Package pdftex.def Info: Figures/estimation_multi_h_log.png used on input line 
168.
(pdftex.def)             Requested size: 223.07211pt x 134.02884pt.


LaTeX Warning: `h' float specifier changed to `ht'.


<Figures/time_estimation_average_linear_als.png, id=664, 485.815pt x 290.08376p
t>
File: Figures/time_estimation_average_linear_als.png Graphic file (type png)
 <use Figures/time_estimation_average_linear_als.png>
Package pdftex.def Info: Figures/time_estimation_average_linear_als.png used on
 input line 182.
(pdftex.def)             Requested size: 223.07211pt x 133.19669pt.

<Figures/time_estimation_total_linear_als.png, id=665, 485.815pt x 290.08376pt>
File: Figures/time_estimation_total_linear_als.png Graphic file (type png)
<use Figures/time_estimation_total_linear_als.png>
Package pdftex.def Info: Figures/time_estimation_total_linear_als.png used on i
nput line 183.
(pdftex.def)             Requested size: 223.07211pt x 133.19669pt.


LaTeX Warning: `h' float specifier changed to `ht'.

<Figures/time_estimation_average_log_h.png, id=666, 485.815pt x 290.08376pt>
File: Figures/time_estimation_average_log_h.png Graphic file (type png)

<use Figures/time_estimation_average_log_h.png>
Package pdftex.def Info: Figures/time_estimation_average_log_h.png used on inpu
t line 191.
(pdftex.def)             Requested size: 223.07211pt x 133.19669pt.

<Figures/time_estimation_total_log_h.png, id=667, 485.815pt x 290.08376pt>
File: Figures/time_estimation_total_log_h.png Graphic file (type png)

<use Figures/time_estimation_total_log_h.png>
Package pdftex.def Info: Figures/time_estimation_total_log_h.png used on input 
line 192.
(pdftex.def)             Requested size: 223.07211pt x 133.19669pt.


LaTeX Warning: `h' float specifier changed to `ht'.


Underfull \vbox (badness 4229) has occurred while \output is active []

 [30 <C:/Users/Daniel/Dropbox/Bolsa/Dissertacao/Document/LaTeX/Figures/base_mul
ti_als_tree.png (PNG copy)> <C:/Users/Daniel/Dropbox/Bolsa/Dissertacao/Document
/LaTeX/Figures/base_multi_h_tree.png (PNG copy)> <C:/Users/Daniel/Dropbox/Bolsa
/Dissertacao/Document/LaTeX/Figures/estimation_single_als_reg.png (PNG copy)> <
C:/Users/Daniel/Dropbox/Bolsa/Dissertacao/Document/LaTeX/Figures/estimation_mul
ti_als_reg.png (PNG copy)>] <Figures/precision_als_reg.png, id=679, 481.8pt x 2
89.08pt>
File: Figures/precision_als_reg.png Graphic file (type png)

<use Figures/precision_als_reg.png>
Package pdftex.def Info: Figures/precision_als_reg.png used on input line 215.
(pdftex.def)             Requested size: 223.07211pt x 133.84296pt.

<Figures/precision_h_log.png, id=680, 481.8pt x 290.08376pt>
File: Figures/precision_h_log.png Graphic file (type png)

<use Figures/precision_h_log.png>
Package pdftex.def Info: Figures/precision_h_log.png used on input line 216.
(pdftex.def)             Requested size: 223.07211pt x 134.3077pt.


LaTeX Warning: `h' float specifier changed to `ht'.

<Figures/impact_als_reg.png, id=681, 481.8pt x 289.08pt>
File: Figures/impact_als_reg.png Graphic file (type png)

<use Figures/impact_als_reg.png>
Package pdftex.def Info: Figures/impact_als_reg.png used on input line 224.
(pdftex.def)             Requested size: 223.07211pt x 133.84296pt.

<Figures/impact_h_log.png, id=682, 481.8pt x 290.08376pt>
File: Figures/impact_h_log.png Graphic file (type png)

<use Figures/impact_h_log.png>
Package pdftex.def Info: Figures/impact_h_log.png used on input line 225.
(pdftex.def)             Requested size: 223.07211pt x 134.3077pt.


LaTeX Warning: `h' float specifier changed to `ht'.


Underfull \vbox (badness 10000) has occurred while \output is active []

 [31 <C:/Users/Daniel/Dropbox/Bolsa/Dissertacao/Document/LaTeX/Figures/estimati
on_single_h_log.png (PNG copy)> <C:/Users/Daniel/Dropbox/Bolsa/Dissertacao/Docu
ment/LaTeX/Figures/estimation_multi_h_log.png (PNG copy)> <C:/Users/Daniel/Drop
box/Bolsa/Dissertacao/Document/LaTeX/Figures/time_estimation_average_linear_als
.png (PNG copy)> <C:/Users/Daniel/Dropbox/Bolsa/Dissertacao/Document/LaTeX/Figu
res/time_estimation_total_linear_als.png (PNG copy)>]
<Figures/estimation_single_h_tree.png, id=693, 481.8pt x 289.08pt>
File: Figures/estimation_single_h_tree.png Graphic file (type png)

<use Figures/estimation_single_h_tree.png>
Package pdftex.def Info: Figures/estimation_single_h_tree.png used on input lin
e 248.
(pdftex.def)             Requested size: 223.07211pt x 133.84296pt.

<Figures/estimation_multi_h_tree.png, id=694, 481.8pt x 289.08pt>
File: Figures/estimation_multi_h_tree.png Graphic file (type png)

<use Figures/estimation_multi_h_tree.png>
Package pdftex.def Info: Figures/estimation_multi_h_tree.png used on input line
 249.
(pdftex.def)             Requested size: 223.07211pt x 133.84296pt.


LaTeX Warning: `h' float specifier changed to `ht'.

[32 <C:/Users/Daniel/Dropbox/Bolsa/Dissertacao/Document/LaTeX/Figures/time_esti
mation_average_log_h.png (PNG copy)> <C:/Users/Daniel/Dropbox/Bolsa/Dissertacao
/Document/LaTeX/Figures/time_estimation_total_log_h.png (PNG copy)> <C:/Users/D
aniel/Dropbox/Bolsa/Dissertacao/Document/LaTeX/Figures/precision_als_reg.png (P
NG copy)> <C:/Users/Daniel/Dropbox/Bolsa/Dissertacao/Document/LaTeX/Figures/pre
cision_h_log.png (PNG copy)>]
<Figures/time_estimation_average_tree_h.png, id=707, 485.815pt x 290.08376pt>
File: Figures/time_estimation_average_tree_h.png Graphic file (type png)

<use Figures/time_estimation_average_tree_h.png>
Package pdftex.def Info: Figures/time_estimation_average_tree_h.png used on inp
ut line 268.
(pdftex.def)             Requested size: 223.07211pt x 133.19669pt.

<Figures/time_estimation_total_tree_h.png, id=708, 485.815pt x 290.08376pt>
File: Figures/time_estimation_total_tree_h.png Graphic file (type png)

<use Figures/time_estimation_total_tree_h.png>
Package pdftex.def Info: Figures/time_estimation_total_tree_h.png used on input
 line 269.
(pdftex.def)             Requested size: 223.07211pt x 133.19669pt.


LaTeX Warning: `h' float specifier changed to `ht'.

<Figures/precision_h_tree.png, id=713, 481.8pt x 289.08pt>
File: Figures/precision_h_tree.png Graphic file (type png)

<use Figures/precision_h_tree.png>
Package pdftex.def Info: Figures/precision_h_tree.png used on input line 290.
(pdftex.def)             Requested size: 223.07211pt x 133.84296pt.


LaTeX Warning: `h' float specifier changed to `ht'.

<Figures/impact_h_tree.png, id=714, 481.8pt x 289.08pt>
File: Figures/impact_h_tree.png Graphic file (type png)

<use Figures/impact_h_tree.png>
Package pdftex.def Info: Figures/impact_h_tree.png used on input line 297.
(pdftex.def)             Requested size: 223.07211pt x 133.84296pt.


LaTeX Warning: `h' float specifier changed to `ht'.


Underfull \vbox (badness 2781) has occurred while \output is active []

 [33 <C:/Users/Daniel/Dropbox/Bolsa/Dissertacao/Document/LaTeX/Figures/impact_a
ls_reg.png (PNG copy)> <C:/Users/Daniel/Dropbox/Bolsa/Dissertacao/Document/LaTe
X/Figures/impact_h_log.png (PNG copy)> <C:/Users/Daniel/Dropbox/Bolsa/Dissertac
ao/Document/LaTeX/Figures/estimation_single_h_tree.png (PNG copy)> <C:/Users/Da
niel/Dropbox/Bolsa/Dissertacao/Document/LaTeX/Figures/estimation_multi_h_tree.p
ng (PNG copy)>] <Figures/estimation_single_h_hmm.png, id=726, 482.80376pt x 290
.08376pt>
File: Figures/estimation_single_h_hmm.png Graphic file (type png)

<use Figures/estimation_single_h_hmm.png>
Package pdftex.def Info: Figures/estimation_single_h_hmm.png used on input line
 327.
(pdftex.def)             Requested size: 223.07211pt x 134.02884pt.

<Figures/estimation_multi_h_hmm.png, id=727, 482.80376pt x 290.08376pt>
File: Figures/estimation_multi_h_hmm.png Graphic file (type png)

<use Figures/estimation_multi_h_hmm.png>
Package pdftex.def Info: Figures/estimation_multi_h_hmm.png used on input line 
328.
(pdftex.def)             Requested size: 223.07211pt x 134.02884pt.


LaTeX Warning: `h' float specifier changed to `ht'.

[34 <C:/Users/Daniel/Dropbox/Bolsa/Dissertacao/Document/LaTeX/Figures/time_esti
mation_average_tree_h.png (PNG copy)> <C:/Users/Daniel/Dropbox/Bolsa/Dissertaca
o/Document/LaTeX/Figures/time_estimation_total_tree_h.png (PNG copy)> <C:/Users
/Daniel/Dropbox/Bolsa/Dissertacao/Document/LaTeX/Figures/precision_h_tree.png (
PNG copy)>]
<Figures/time_estimation_average_hmm_h.png, id=740, 481.8pt x 290.08376pt>
File: Figures/time_estimation_average_hmm_h.png Graphic file (type png)

<use Figures/time_estimation_average_hmm_h.png>
Package pdftex.def Info: Figures/time_estimation_average_hmm_h.png used on inpu
t line 341.
(pdftex.def)             Requested size: 223.07211pt x 134.3077pt.

<Figures/time_estimation_total_hmm_h.png, id=741, 481.8pt x 290.08376pt>
File: Figures/time_estimation_total_hmm_h.png Graphic file (type png)

<use Figures/time_estimation_total_hmm_h.png>
Package pdftex.def Info: Figures/time_estimation_total_hmm_h.png used on input 
line 342.
(pdftex.def)             Requested size: 223.07211pt x 134.3077pt.


LaTeX Warning: `h' float specifier changed to `ht'.

<Figures/precision_h_hmm.png, id=744, 482.80376pt x 290.08376pt>
File: Figures/precision_h_hmm.png Graphic file (type png)

<use Figures/precision_h_hmm.png>
Package pdftex.def Info: Figures/precision_h_hmm.png used on input line 358.
(pdftex.def)             Requested size: 223.07211pt x 134.02884pt.


LaTeX Warning: `h' float specifier changed to `ht'.

<Figures/impact_h_hmm.png, id=745, 482.80376pt x 290.08376pt>
File: Figures/impact_h_hmm.png Graphic file (type png)

<use Figures/impact_h_hmm.png>
Package pdftex.def Info: Figures/impact_h_hmm.png used on input line 365.
(pdftex.def)             Requested size: 223.07211pt x 134.02884pt.


LaTeX Warning: `h' float specifier changed to `ht'.

[35 <C:/Users/Daniel/Dropbox/Bolsa/Dissertacao/Document/LaTeX/Figures/impact_h_
tree.png (PNG copy)> <C:/Users/Daniel/Dropbox/Bolsa/Dissertacao/Document/LaTeX/
Figures/estimation_single_h_hmm.png (PNG copy)> <C:/Users/Daniel/Dropbox/Bolsa/
Dissertacao/Document/LaTeX/Figures/estimation_multi_h_hmm.png (PNG copy)>]
[36 <C:/Users/Daniel/Dropbox/Bolsa/Dissertacao/Document/LaTeX/Figures/time_esti
mation_average_hmm_h.png (PNG copy)> <C:/Users/Daniel/Dropbox/Bolsa/Dissertacao
/Document/LaTeX/Figures/time_estimation_total_hmm_h.png (PNG copy)> <C:/Users/D
aniel/Dropbox/Bolsa/Dissertacao/Document/LaTeX/Figures/precision_h_hmm.png (PNG
 copy)>] [37 <C:/Users/Daniel/Dropbox/Bolsa/Dissertacao/Document/LaTeX/Figures/
impact_h_hmm.png (PNG copy)>] [38

])
(C:\Users\Daniel\Dropbox\Bolsa\Dissertacao\Document\LaTeX\Thesis_Conclusions.te
x
Chapter 6.
[39

] [40]) (C:\Users\Daniel\Dropbox\Bolsa\Dissertacao\Document\LaTeX\Thesis.bbl [4
1



] [42] [43]) [44]

Package natbib Warning: There were undefined citations.

Package atveryend Info: Empty hook `BeforeClearDocument' on input line 217.
Package atveryend Info: Empty hook `AfterLastShipout' on input line 217.
(C:\Users\Daniel\Dropbox\Bolsa\Dissertacao\Document\LaTeX\Thesis.aux)
Package atveryend Info: Executing hook `AtVeryEndDocument' on input line 217.
Package atveryend Info: Executing hook `AtEndAfterFileList' on input line 217.
Package rerunfilecheck Info: File `Thesis.out' has not changed.
(rerunfilecheck)             Checksum: CCBBBA477535268A8259DD124FA2D6A7;2924.


LaTeX Warning: There were multiply-defined labels.

Package atveryend Info: Empty hook `AtVeryVeryEnd' on input line 217.
 ) 
Here is how much of TeX's memory you used:
 9307 strings out of 493921
 136458 string characters out of 3147279
 235010 words of memory out of 3000000
 12117 multiletter control sequences out of 15000+200000
 41878 words of font info for 73 fonts, out of 3000000 for 9000
 841 hyphenation exceptions out of 8191
 31i,11n,28p,670b,587s stack positions out of 5000i,500n,10000p,200000b,50000s
{C:/Program Files/MiKTeX 2.9/fonts/enc/dvips/fontname/8r.enc}<C:/Program File
s/MiKTeX 2.9/fonts/type1/public/amsfonts/cm/cmmi10.pfb><C:/Program Files/MiKTeX
 2.9/fonts/type1/public/amsfonts/cm/cmmi7.pfb><C:/Program Files/MiKTeX 2.9/font
s/type1/public/amsfonts/cm/cmr10.pfb><C:/Program Files/MiKTeX 2.9/fonts/type1/p
ublic/amsfonts/cm/cmr7.pfb><C:/Program Files/MiKTeX 2.9/fonts/type1/public/amsf
onts/cm/cmsy10.pfb><C:/Program Files/MiKTeX 2.9/fonts/type1/public/amsfonts/cm/
cmsy7.pfb><C:/Program Files/MiKTeX 2.9/fonts/type1/urw/helvetic/uhvb8a.pfb><C:/
Program Files/MiKTeX 2.9/fonts/type1/urw/helvetic/uhvr8a.pfb><C:/Program Files/
MiKTeX 2.9/fonts/type1/urw/helvetic/uhvro8a.pfb>
Output written on Thesis.pdf (60 pages, 770260 bytes).
PDF statistics:
 873 PDF objects out of 1000 (max. 8388607)
 222 named destinations out of 1000 (max. 500000)
 518 words of extra memory for PDF output out of 10000 (max. 10000000)

